22 44 66 88 110 132 154 176 198 220 222 244 266 288 310 332 354 376 398 20
43 65 87 109 131 153 175 197 219 221 243 265 287 309 331 353 375 397 19 21
64 86 108 130 152 174 196 218 240 242 264 286 308 330 352 374 396 18 40 42
85 107 129 151 173 195 217 239 241 263 285 307 329 351 373 395 17 39 41 63
106 128 150 172 194 216 238 260 262 284 306 328 350 372 394 16 38 60 62 84
127 149 171 193 215 237 259 261 283 305 327 349 371 393 15 37 59 61 83 105
148 170 192 214 236 258 280 282 304 326 348 370 392 14 36 58 80 82 104 126
169 191 213 235 257 279 281 303 325 347 369 391 13 35 57 79 81 103 125 147
190 212 234 256 278 300 302 324 346 368 390 12 34 56 78 100 102 124 146 168
211 233 255 277 299 301 323 345 367 389 11 33 55 77 99 101 123 145 167 189
232 254 276 298 320 322 344 366 388 10 32 54 76 98 120 122 144 166 188 210
253 275 297 319 321 343 365 387 9 31 53 75 97 119 121 143 165 187 209 231
274 296 318 340 342 364 386 8 30 52 74 96 118 140 142 164 186 208 230 252
295 317 339 341 363 385 7 29 51 73 95 117 139 141 163 185 207 229 251 273
316 338 360 362 384 6 28 50 72 94 116 138 160 162 184 206 228 250 272 294
337 359 361 383 5 27 49 71 93 115 137 159 161 183 205 227 249 271 293 315
358 380 382 4 26 48 70 92 114 136 158 180 182 204 226 248 270 292 314 336
379 381 3 25 47 69 91 113 135 157 179 181 203 225 247 269 291 313 335 357
400 2 24 46 68 90 112 134 156 178 200 202 224 246 268 290 312 334 356 378
1 23 45 67 89 111 133 155 177 199 201 223 245 267 289 311 333 355 377 399
